
/home/runner/work/exp-movie-sentiment-au/exp-movie-sentiment-au/experiment/simulation/js/index-C_Ys0qzK.js
    1:1310    warning  'global' is not defined                                                          no-undef
    9:1589    warning  Do not access Object.prototype method 'hasOwnProperty' from target object        no-prototype-builtins
    9:4681    warning  Do not access Object.prototype method 'hasOwnProperty' from target object        no-prototype-builtins
   17:412     warning  Do not access Object.prototype method 'hasOwnProperty' from target object        no-prototype-builtins
   25:955     warning  'setImmediate' is not defined                                                    no-undef
   33:632     warning  Unexpected combined character in character class                                 no-misleading-character-class
   33:3025    warning  Unnecessary escape character: \-                                                 no-useless-escape
   33:4893    warning  Do not access Object.prototype method 'hasOwnProperty' from target object        no-prototype-builtins
   37:206     warning  Expected a conditional expression and instead saw an assignment                  no-cond-assign
   37:1200    warning  Empty block statement                                                            no-empty
   37:2372    warning  Do not access Object.prototype method 'hasOwnProperty' from target object        no-prototype-builtins
   37:3849    warning  Do not access Object.prototype method 'hasOwnProperty' from target object        no-prototype-builtins
   37:3890    warning  Do not access Object.prototype method 'hasOwnProperty' from target object        no-prototype-builtins
   37:4057    warning  Do not access Object.prototype method 'hasOwnProperty' from target object        no-prototype-builtins
   37:4084    warning  Do not access Object.prototype method 'hasOwnProperty' from target object        no-prototype-builtins
   37:4675    warning  Do not access Object.prototype method 'hasOwnProperty' from target object        no-prototype-builtins
   37:6011    warning  'MSApp' is not defined                                                           no-undef
   37:6059    warning  'MSApp' is not defined                                                           no-undef
   37:7439    warning  Do not access Object.prototype method 'hasOwnProperty' from target object        no-prototype-builtins
   37:7532    warning  Do not access Object.prototype method 'hasOwnProperty' from target object        no-prototype-builtins
   37:8614    warning  Expected a conditional expression and instead saw an assignment                  no-cond-assign
   37:9634    warning  Expected to return a value in method 'get'                                       getter-return
   37:9767    warning  'T' is defined but never used                                                    no-unused-vars
   37:9769    warning  'N' is defined but never used                                                    no-unused-vars
   37:9771    warning  'H' is defined but never used                                                    no-unused-vars
   37:9773    warning  'U' is defined but never used                                                    no-unused-vars
   37:9775    warning  'ce' is defined but never used                                                   no-unused-vars
   37:9778    warning  'ye' is defined but never used                                                   no-unused-vars
   37:9956    warning  'f' is defined but never used                                                    no-unused-vars
   37:9958    warning  'm' is defined but never used                                                    no-unused-vars
   37:9960    warning  'S' is defined but never used                                                    no-unused-vars
   37:9962    warning  'T' is defined but never used                                                    no-unused-vars
   37:9964    warning  'N' is defined but never used                                                    no-unused-vars
   37:9966    warning  'H' is defined but never used                                                    no-unused-vars
   37:9968    warning  'U' is defined but never used                                                    no-unused-vars
   37:9970    warning  'ce' is defined but never used                                                   no-unused-vars
   37:9973    warning  'ye' is defined but never used                                                   no-unused-vars
   37:10026   warning  'f' is defined but never used                                                    no-unused-vars
   37:10028   warning  'm' is defined but never used                                                    no-unused-vars
   37:10030   warning  'S' is defined but never used                                                    no-unused-vars
   37:10032   warning  'T' is defined but never used                                                    no-unused-vars
   37:10034   warning  'N' is defined but never used                                                    no-unused-vars
   37:10036   warning  'H' is defined but never used                                                    no-unused-vars
   37:10038   warning  'U' is defined but never used                                                    no-unused-vars
   37:10040   warning  'ce' is defined but never used                                                   no-unused-vars
   37:10043   warning  'ye' is defined but never used                                                   no-unused-vars
   37:11880   warning  Empty block statement                                                            no-empty
   37:19779   warning  Do not access Object.prototype method 'hasOwnProperty' from target object        no-prototype-builtins
   37:20125   warning  Invalid typeof comparison value                                                  valid-typeof
   37:20299   warning  Invalid typeof comparison value                                                  valid-typeof
   37:22182   warning  Expected a conditional expression and instead saw an assignment                  no-cond-assign
   37:27749   warning  Expected a conditional expression and instead saw an assignment                  no-cond-assign
   37:29214   warning  Do not access Object.prototype method 'hasOwnProperty' from target object        no-prototype-builtins
   37:33358   warning  Expected a 'break' statement before 'case'                                       no-fallthrough
   37:33552   warning  Expected a 'break' statement before 'case'                                       no-fallthrough
   37:34739   warning  Expected a conditional expression and instead saw an assignment                  no-cond-assign
   37:36356   warning  Expected a 'break' statement before 'case'                                       no-fallthrough
   37:37853   warning  Unexpected control character(s) in regular expression: \x00                      no-control-regex
   38:1513    warning  Expected a conditional expression and instead saw an assignment                  no-cond-assign
   38:1613    warning  Expected a conditional expression and instead saw an assignment                  no-cond-assign
   38:15477   warning  Expected a 'break' statement before 'case'                                       no-fallthrough
   38:15980   warning  Unexpected constant condition                                                    no-constant-condition
   38:16581   warning  Expected a conditional expression and instead saw an assignment                  no-cond-assign
   38:23204   warning  Empty block statement                                                            no-empty
   38:23213   warning  Empty block statement                                                            no-empty
   38:26593   warning  Expected a conditional expression and instead saw an assignment                  no-cond-assign
   38:27456   warning  Expected a conditional expression and instead saw an assignment                  no-cond-assign
   40:3999    warning  Expected a conditional expression and instead saw an assignment                  no-cond-assign
   40:5164    warning  Expected a conditional expression and instead saw an assignment                  no-cond-assign
   40:12994   warning  Do not access Object.prototype method 'hasOwnProperty' from target object        no-prototype-builtins
   40:13016   warning  Do not access Object.prototype method 'hasOwnProperty' from target object        no-prototype-builtins
   40:13093   warning  Do not access Object.prototype method 'hasOwnProperty' from target object        no-prototype-builtins
   40:13279   warning  Do not access Object.prototype method 'hasOwnProperty' from target object        no-prototype-builtins
   40:13388   warning  Do not access Object.prototype method 'hasOwnProperty' from target object        no-prototype-builtins
   40:13477   warning  Do not access Object.prototype method 'hasOwnProperty' from target object        no-prototype-builtins
   40:13503   warning  Do not access Object.prototype method 'hasOwnProperty' from target object        no-prototype-builtins
   40:13557   warning  Do not access Object.prototype method 'hasOwnProperty' from target object        no-prototype-builtins
   40:13935   warning  Do not access Object.prototype method 'hasOwnProperty' from target object        no-prototype-builtins
   40:16142   warning  Do not access Object.prototype method 'hasOwnProperty' from target object        no-prototype-builtins
   40:16429   warning  Do not access Object.prototype method 'hasOwnProperty' from target object        no-prototype-builtins
   40:16877   warning  Unnecessary escape character: \/                                                 no-useless-escape
   40:17761   warning  Do not access Object.prototype method 'hasOwnProperty' from target object        no-prototype-builtins
   40:18082   warning  Do not access Object.prototype method 'hasOwnProperty' from target object        no-prototype-builtins
   40:26186   warning  Empty block statement                                                            no-empty
   40:26221   warning  Expected a 'break' statement before 'case'                                       no-fallthrough
   40:30413   warning  Do not access Object.prototype method 'hasOwnProperty' from target object        no-prototype-builtins
   40:31434   warning  'm' is defined but never used                                                    no-unused-vars
   40:31436   warning  'S' is defined but never used                                                    no-unused-vars
   40:31464   warning  'm' is defined but never used                                                    no-unused-vars
   40:31466   warning  'S' is defined but never used                                                    no-unused-vars
   40:35240   warning  Unexpected constant condition                                                    no-constant-condition
   40:39847   warning  Unexpected constant condition                                                    no-constant-condition
   40:40140   warning  Unexpected constant condition                                                    no-constant-condition
   40:43258   warning  Empty block statement                                                            no-empty
   40:53689   warning  Expected a conditional expression and instead saw an assignment                  no-cond-assign
   40:55109   warning  'Ct' is a function                                                               no-func-assign
   40:55115   warning  'it' is a function                                                               no-func-assign
   40:56030   warning  '__REACT_DEVTOOLS_GLOBAL_HOOK__' is not defined                                  no-undef
   40:56130   warning  Empty block statement                                                            no-empty
   40:58224   warning  '__REACT_DEVTOOLS_GLOBAL_HOOK__' is not defined                                  no-undef
   40:58281   warning  '__REACT_DEVTOOLS_GLOBAL_HOOK__' is not defined                                  no-undef
   40:61808   warning  'require' is not defined                                                         no-undef
   40:61856   warning  Empty block statement                                                            no-empty
   40:63334   warning  'QKe' is assigned a value but never used                                         no-unused-vars
   40:65702   warning  'e' is defined but never used                                                    no-unused-vars
   40:65704   warning  't' is defined but never used                                                    no-unused-vars
   40:67521   warning  'b' is assigned a value but never used                                           no-unused-vars
   40:77094   warning  't' is defined but never used                                                    no-unused-vars
   40:77096   warning  'n' is defined but never used                                                    no-unused-vars
   40:82493   warning  'i' is assigned a value but never used                                           no-unused-vars
   40:84881   warning  Do not access Object.prototype method 'hasOwnProperty' from target object        no-prototype-builtins
   40:89853   warning  Unexpected comma in middle of array                                              no-sparse-arrays
   40:106532  warning  'd' is assigned a value but never used                                           no-unused-vars
   40:106543  warning  'h' is assigned a value but never used                                           no-unused-vars
   40:106557  warning  'g' is assigned a value but never used                                           no-unused-vars
   40:106567  warning  'y' is assigned a value but never used                                           no-unused-vars
   40:108425  warning  'u' is assigned a value but never used                                           no-unused-vars
   40:108438  warning  'd' is assigned a value but never used                                           no-unused-vars
   40:108448  warning  'h' is assigned a value but never used                                           no-unused-vars
   40:109429  warning  'e' is defined but never used                                                    no-unused-vars
   40:109437  warning  't' is defined but never used                                                    no-unused-vars
   40:109453  warning  'n' is defined but never used                                                    no-unused-vars
   40:109471  warning  'r' is defined but never used                                                    no-unused-vars
   40:109490  warning  'i' is defined but never used                                                    no-unused-vars
   40:109499  warning  'o' is defined but never used                                                    no-unused-vars
   40:109512  warning  'a' is defined but never used                                                    no-unused-vars
   40:109526  warning  's' is defined but never used                                                    no-unused-vars
   40:109533  warning  'l' is defined but never used                                                    no-unused-vars
   40:109543  warning  'c' is defined but never used                                                    no-unused-vars
   40:110415  warning  Do not access Object.prototype method 'hasOwnProperty' from target object        no-prototype-builtins
   40:112937  warning  'g' is assigned a value but never used                                           no-unused-vars
   40:113718  warning  Do not access Object.prototype method 'hasOwnProperty' from target object        no-prototype-builtins
   40:163166  warning  't' is defined but never used                                                    no-unused-vars
   40:163168  warning  'n' is defined but never used                                                    no-unused-vars
   40:163170  warning  'r' is defined but never used                                                    no-unused-vars
   40:164418  warning  'd' is assigned a value but never used                                           no-unused-vars
   74:673     warning  'Fe' is a function                                                               no-func-assign
   74:919     warning  'xt' is a function                                                               no-func-assign
   74:1609    warning  't' is defined but never used                                                    no-unused-vars
   74:1627    warning  'e' is defined but never used                                                    no-unused-vars
   74:1629    warning  't' is defined but never used                                                    no-unused-vars
   74:1646    warning  'e' is defined but never used                                                    no-unused-vars
   74:1648    warning  't' is defined but never used                                                    no-unused-vars
   82:2707    warning  Do not access Object.prototype method 'propertyIsEnumerable' from target object  no-prototype-builtins
   82:3131    warning  Do not access Object.prototype method 'propertyIsEnumerable' from target object  no-prototype-builtins
   82:4552    warning  'global' is not defined                                                          no-undef
   82:4571    warning  'global' is not defined                                                          no-undef
   82:12120   warning  'df' is a function                                                               no-func-assign
   82:12523   warning  'wm' is a function                                                               no-func-assign
   82:12746   warning  Empty block statement                                                            no-empty
   82:12755   warning  'YR' is a function                                                               no-func-assign
   83:1075    warning  Unsafe usage of ReturnStatement                                                  no-unsafe-finally
   83:1095    warning  Unsafe usage of ThrowStatement                                                   no-unsafe-finally
   84:492     warning  Expected a 'break' statement before 'case'                                       no-fallthrough
   84:529     warning  Expected a 'break' statement before 'case'                                       no-fallthrough
   84:15039   warning  Expected a 'break' statement before 'case'                                       no-fallthrough
   84:15351   warning  Expected a 'break' statement before 'case'                                       no-fallthrough
   84:15407   warning  Expected a 'break' statement before 'case'                                       no-fallthrough
   84:15557   warning  Expected a 'break' statement before 'default'                                    no-fallthrough
   84:15883   warning  Expected a 'break' statement before 'default'                                    no-fallthrough
   84:16687   warning  Expected a 'break' statement before 'case'                                       no-fallthrough
   84:17814   warning  Unnecessary escape character: \:                                                 no-useless-escape
   86:9280    warning  'r' is assigned a value but never used                                           no-unused-vars
   86:10167   warning  'r' is assigned a value but never used                                           no-unused-vars
   93:10725   warning  'r' is already defined                                                           no-redeclare
  125:484     warning  'r' is already defined                                                           no-redeclare
  125:13475   warning  'e' is defined but never used                                                    no-unused-vars
  125:15315   warning  'r' is already defined                                                           no-redeclare
  204:846     warning  'r' is already defined                                                           no-redeclare
  204:2118    warning  'r' is already defined                                                           no-redeclare
  204:4496    warning  'oo' is a function                                                               no-func-assign
  204:4887    warning  'c' is a function                                                                no-func-assign
  204:11446   warning  Empty block statement                                                            no-empty
  204:11769   warning  'e' is defined but never used                                                    no-unused-vars
  204:11825   warning  'RT' is a function                                                               no-func-assign
  204:12145   warning  'e' is defined but never used                                                    no-unused-vars
  204:12201   warning  'IT' is a function                                                               no-func-assign
  204:12374   warning  Expected a 'break' statement before 'case'                                       no-fallthrough
  204:18366   warning  'r' is already defined                                                           no-redeclare
  204:20099   warning  'r' is already defined                                                           no-redeclare
  221:13211   warning  'r' is already defined                                                           no-redeclare
  221:16995   warning  't' is defined but never used                                                    no-unused-vars
  225:247     warning  'e' is defined but never used                                                    no-unused-vars
  229:76      warning  'e' is defined but never used                                                    no-unused-vars
  229:3529    warning  'zT' is a function                                                               no-func-assign
  229:4471    warning  Unreachable code                                                                 no-unreachable
  229:6263    warning  Do not access Object.prototype method 'hasOwnProperty' from target object        no-prototype-builtins
  229:7466    warning  Do not access Object.prototype method 'hasOwnProperty' from target object        no-prototype-builtins
  229:9484    warning  Unnecessary escape character: \[                                                 no-useless-escape
  229:9509    warning  Unnecessary escape character: \[                                                 no-useless-escape
  229:11089   warning  Do not access Object.prototype method 'hasOwnProperty' from target object        no-prototype-builtins
  229:11243   warning  Do not access Object.prototype method 'hasOwnProperty' from target object        no-prototype-builtins
  229:11457   warning  Do not access Object.prototype method 'hasOwnProperty' from target object        no-prototype-builtins
  229:11642   warning  Do not access Object.prototype method 'hasOwnProperty' from target object        no-prototype-builtins
  229:11927   warning  Do not access Object.prototype method 'hasOwnProperty' from target object        no-prototype-builtins
  229:12112   warning  Do not access Object.prototype method 'hasOwnProperty' from target object        no-prototype-builtins
  229:12319   warning  Do not access Object.prototype method 'hasOwnProperty' from target object        no-prototype-builtins
  229:12526   warning  Do not access Object.prototype method 'hasOwnProperty' from target object        no-prototype-builtins
  229:12711   warning  Do not access Object.prototype method 'hasOwnProperty' from target object        no-prototype-builtins
  229:12937   warning  Do not access Object.prototype method 'hasOwnProperty' from target object        no-prototype-builtins
  229:13122   warning  Do not access Object.prototype method 'hasOwnProperty' from target object        no-prototype-builtins
  229:13323   warning  Do not access Object.prototype method 'hasOwnProperty' from target object        no-prototype-builtins
  229:13600   warning  Do not access Object.prototype method 'hasOwnProperty' from target object        no-prototype-builtins
  229:13903   warning  Do not access Object.prototype method 'hasOwnProperty' from target object        no-prototype-builtins
  229:17786   warning  Do not access Object.prototype method 'hasOwnProperty' from target object        no-prototype-builtins
  229:19706   warning  'e' is defined but never used                                                    no-unused-vars
  229:19708   warning  't' is defined but never used                                                    no-unused-vars
  229:19710   warning  'n' is defined but never used                                                    no-unused-vars
  229:19712   warning  'r' is defined but never used                                                    no-unused-vars
  229:19714   warning  'i' is defined but never used                                                    no-unused-vars
  229:19770   warning  'VT' is a function                                                               no-func-assign
  229:20538   warning  Expected a 'break' statement before 'case'                                       no-fallthrough
  229:21875   warning  Expected a 'break' statement before 'case'                                       no-fallthrough
  229:22088   warning  Expected a 'break' statement before 'case'                                       no-fallthrough
  229:22146   warning  'd' is defined but never used                                                    no-unused-vars
  229:22148   warning  'h' is defined but never used                                                    no-unused-vars
  229:22399   warning  'e' is defined but never used                                                    no-unused-vars
  229:22455   warning  'WT' is a function                                                               no-func-assign
  229:22735   warning  'e' is defined but never used                                                    no-unused-vars
  229:22791   warning  'KT' is a function                                                               no-func-assign
  236:29631   warning  Unnecessary escape character: \%                                                 no-useless-escape
  236:30774   warning  'yi' is assigned a value but never used                                          no-unused-vars
  236:30780   warning  'xr' is assigned a value but never used                                          no-unused-vars
  236:35238   warning  'd' is assigned a value but never used                                           no-unused-vars
  238:6045    warning  'n' is defined but never used                                                    no-unused-vars
  238:8637    warning  't' is defined but never used                                                    no-unused-vars
  238:8639    warning  'n' is defined but never used                                                    no-unused-vars
  238:39442   warning  'r' is already defined                                                           no-redeclare
  264:9981    warning  'h' is assigned a value but never used                                           no-unused-vars
  264:10727   warning  'r' is already defined                                                           no-redeclare
  264:27415   warning  'r' is already defined                                                           no-redeclare
  264:58234   warning  'r' is already defined                                                           no-redeclare
  264:59914   warning  'r' is already defined                                                           no-redeclare
  276:6489    warning  'r' is already defined                                                           no-redeclare
  290:5042    warning  'oe' is defined but never used                                                   no-unused-vars
  291:5492    warning  'r' is already defined                                                           no-redeclare
  291:8561    warning  'r' is already defined                                                           no-redeclare
  309:21390   warning  'r' is already defined                                                           no-redeclare
  311:8841    warning  'r' is already defined                                                           no-redeclare
  311:11093   warning  'r' is already defined                                                           no-redeclare
  320:4615    warning  'r' is already defined                                                           no-redeclare
  320:7920    warning  'r' is already defined                                                           no-redeclare
  320:9244    warning  'n' is defined but never used                                                    no-unused-vars
  326:1374    warning  'r' is already defined                                                           no-redeclare
  326:3471    warning  'r' is already defined                                                           no-redeclare
  326:13694   warning  'r' is already defined                                                           no-redeclare
  326:16610   warning  'r' is already defined                                                           no-redeclare
  326:17673   warning  'r' is already defined                                                           no-redeclare
  326:21915   warning  'r' is already defined                                                           no-redeclare
  326:23437   warning  'r' is already defined                                                           no-redeclare
  337:2861    warning  Empty block statement                                                            no-empty
  337:7039    warning  'r' is already defined                                                           no-redeclare
  337:10358   warning  'r' is already defined                                                           no-redeclare
  337:12201   warning  'r' is already defined                                                           no-redeclare
  352:6490    warning  'r' is already defined                                                           no-redeclare
  352:15731   warning  'r' is already defined                                                           no-redeclare
  352:33508   warning  'e' is defined but never used                                                    no-unused-vars
  352:33536   warning  'e' is defined but never used                                                    no-unused-vars
  352:48919   warning  'e' is defined but never used                                                    no-unused-vars
  352:67343   warning  'e' is defined but never used                                                    no-unused-vars
  352:67355   warning  'e' is defined but never used                                                    no-unused-vars
  352:69339   warning  Empty block statement                                                            no-empty
  352:93112   warning  Do not access Object.prototype method 'hasOwnProperty' from target object        no-prototype-builtins
  352:95171   warning  'l' is defined but never used                                                    no-unused-vars
  352:102992  warning  Do not access Object.prototype method 'hasOwnProperty' from target object        no-prototype-builtins
  352:106267  warning  Do not access Object.prototype method 'hasOwnProperty' from target object        no-prototype-builtins
  352:117944  warning  'r' is already defined                                                           no-redeclare
  352:129515  warning  's' is assigned a value but never used                                           no-unused-vars
  352:129861  warning  'r' is already defined                                                           no-redeclare
  430:5155    warning  'r' is already defined                                                           no-redeclare
  430:9906    warning  'r' is already defined                                                           no-redeclare
  430:14705   warning  'r' is already defined                                                           no-redeclare
  430:15420   warning  'r' is already defined                                                           no-redeclare
  430:15999   warning  'r' is already defined                                                           no-redeclare
  430:37669   warning  Unexpected lexical declaration in case block                                     no-case-declarations
  430:43858   warning  Empty block statement                                                            no-empty
  430:44368   warning  Expected a conditional expression and instead saw an assignment                  no-cond-assign
  430:46390   warning  Expected a 'break' statement before 'case'                                       no-fallthrough
  430:46630   warning  Expected a 'break' statement before 'case'                                       no-fallthrough
  430:46686   warning  Expected a 'break' statement before 'case'                                       no-fallthrough
  430:46815   warning  Expected a 'break' statement before 'default'                                    no-fallthrough
  430:47137   warning  Expected a 'break' statement before 'default'                                    no-fallthrough
  430:47930   warning  Expected a 'break' statement before 'case'                                       no-fallthrough
  430:48729   warning  Expected a 'break' statement before 'default'                                    no-fallthrough
  430:48755   warning  Expected a conditional expression and instead saw an assignment                  no-cond-assign
  430:50829   warning  Expected a 'break' statement before 'case'                                       no-fallthrough
  430:51039   warning  Expected a 'break' statement before 'case'                                       no-fallthrough
  437:3238    warning  Empty block statement                                                            no-empty
  437:4035    warning  Expected a 'break' statement before 'case'                                       no-fallthrough
  437:4072    warning  Expected a 'break' statement before 'case'                                       no-fallthrough
  451:7725    warning  'r' is defined but never used                                                    no-unused-vars
  451:18533   warning  'i' is assigned a value but never used                                           no-unused-vars
  451:20378   warning  'e' is defined but never used                                                    no-unused-vars
  451:20380   warning  't' is defined but never used                                                    no-unused-vars
  451:22101   warning  't' is defined but never used                                                    no-unused-vars
  451:23170   warning  'n' is defined but never used                                                    no-unused-vars
  451:23408   warning  'n' is defined but never used                                                    no-unused-vars
  451:23737   warning  'n' is defined but never used                                                    no-unused-vars
  451:23845   warning  'n' is defined but never used                                                    no-unused-vars
  451:24736   warning  'n' is defined but never used                                                    no-unused-vars
  451:24744   warning  'r' is assigned a value but never used                                           no-unused-vars
  451:25646   warning  Empty block statement                                                            no-empty
  451:29764   warning  'a' is assigned a value but never used                                           no-unused-vars
  451:32503   warning  Do not access Object.prototype method 'hasOwnProperty' from target object        no-prototype-builtins
  451:33757   warning  Do not access Object.prototype method 'hasOwnProperty' from target object        no-prototype-builtins
  451:37606   warning  'c' is assigned a value but never used                                           no-unused-vars
  458:65      warning  'n' is assigned a value but never used                                           no-unused-vars
  458:87      warning  'i' is assigned a value but never used                                           no-unused-vars
  458:141     warning  'l' is assigned a value but never used                                           no-unused-vars
  458:2582    warning  Empty block statement                                                            no-empty
  458:25752   warning  'ae' is defined but never used                                                   no-unused-vars
  531:3319    warning  'g' is assigned a value but never used                                           no-unused-vars
  531:7896    warning  Do not access Object.prototype method 'hasOwnProperty' from target object        no-prototype-builtins
  559:5671    warning  'l' is assigned a value but never used                                           no-unused-vars
  559:5788    warning  'v' is assigned a value but never used                                           no-unused-vars
  559:5869    warning  'E' is assigned a value but never used                                           no-unused-vars
  559:6027    warning  'W' is assigned a value but never used                                           no-unused-vars
  559:6193    warning  'Ce' is defined but never used                                                   no-unused-vars
  559:9889    warning  'L' is defined but never used                                                    no-unused-vars
  559:27935   warning  Do not access Object.prototype method 'hasOwnProperty' from target object        no-prototype-builtins
  559:30298   warning  'a' is assigned a value but never used                                           no-unused-vars
  559:30611   warning  'O' is assigned a value but never used                                           no-unused-vars
  559:30631   warning  '_' is assigned a value but never used                                           no-unused-vars
  559:30652   warning  'R' is assigned a value but never used                                           no-unused-vars
  559:30693   warning  'M' is assigned a value but never used                                           no-unused-vars
  559:40192   warning  'l' is assigned a value but never used                                           no-unused-vars
  559:43763   warning  's' is assigned a value but never used                                           no-unused-vars
  559:43771   warning  'l' is assigned a value but never used                                           no-unused-vars
  559:43780   warning  'c' is assigned a value but never used                                           no-unused-vars
  559:43790   warning  'u' is assigned a value but never used                                           no-unused-vars
  559:43799   warning  'd' is assigned a value but never used                                           no-unused-vars
  559:43810   warning  'h' is assigned a value but never used                                           no-unused-vars
  559:43820   warning  'g' is assigned a value but never used                                           no-unused-vars
  559:45608   warning  'a' is assigned a value but never used                                           no-unused-vars
  559:45639   warning  'l' is assigned a value but never used                                           no-unused-vars
  559:45647   warning  'c' is assigned a value but never used                                           no-unused-vars
  559:45656   warning  'u' is assigned a value but never used                                           no-unused-vars
  559:45666   warning  'd' is assigned a value but never used                                           no-unused-vars
  559:45677   warning  'h' is assigned a value but never used                                           no-unused-vars
  559:52533   warning  'D' is defined but never used                                                    no-unused-vars
  559:57498   warning  'o' is assigned a value but never used                                           no-unused-vars
  559:57517   warning  's' is assigned a value but never used                                           no-unused-vars
  559:70754   warning  't' is assigned a value but never used                                           no-unused-vars
  559:70764   warning  'n' is assigned a value but never used                                           no-unused-vars
  559:76239   warning  'L' is assigned a value but never used                                           no-unused-vars
  559:80885   warning  'D' is assigned a value but never used                                           no-unused-vars
  559:98427   warning  'E' is assigned a value but never used                                           no-unused-vars
  559:98438   warning  '$' is assigned a value but never used                                           no-unused-vars
  559:98458   warning  'O' is assigned a value but never used                                           no-unused-vars
  559:98567   warning  'L' is assigned a value but never used                                           no-unused-vars
  559:98592   warning  'B' is assigned a value but never used                                           no-unused-vars
  560:7115    warning  Empty block statement                                                            no-empty
  560:8919    warning  Empty block statement                                                            no-empty
  560:8942    warning  Empty block statement                                                            no-empty
  568:3519    warning  'B2' is a function                                                               no-func-assign
  568:14719   warning  'F2' is a function                                                               no-func-assign
  568:15802   warning  'V2' is a function                                                               no-func-assign
  568:16597   warning  't' is defined but never used                                                    no-unused-vars
  568:16599   warning  'n' is defined but never used                                                    no-unused-vars
  568:21228   warning  Expected a 'break' statement before 'default'                                    no-fallthrough
  568:21620   warning  Expected a conditional expression and instead saw an assignment                  no-cond-assign
  568:22477   warning  Expected a conditional expression and instead saw an assignment                  no-cond-assign
  568:24059   warning  Expected a 'break' statement before 'default'                                    no-fallthrough
  568:26483   warning  Expected a 'break' statement before 'case'                                       no-fallthrough
  568:26892   warning  Expected a 'break' statement before 'default'                                    no-fallthrough
  568:28591   warning  Expected a 'break' statement before 'default'                                    no-fallthrough
  568:32349   warning  Expected a 'break' statement before 'default'                                    no-fallthrough
  568:34268   warning  'Fm' is a function                                                               no-func-assign
  568:34535   warning  'G2' is a function                                                               no-func-assign
  568:37298   warning  '$f' is a function                                                               no-func-assign
  568:37530   warning  'X2' is a function                                                               no-func-assign
  568:38600   warning  'n' is defined but never used                                                    no-unused-vars
  568:39199   warning  Empty block statement                                                            no-empty
  568:39208   warning  'rQ' is a function                                                               no-func-assign
  568:39258   warning  'A0' is a function                                                               no-func-assign
  568:39682   warning  'Y2' is a function                                                               no-func-assign
  571:5050    warning  Expected a 'break' statement before 'case'                                       no-fallthrough
  571:5248    warning  Expected a 'break' statement before 'case'                                       no-fallthrough
  571:8624    warning  Empty block statement                                                            no-empty
  571:16125   warning  Unexpected comma in middle of array                                              no-sparse-arrays
  571:16905   warning  'Of' is a function                                                               no-func-assign
  571:18592   warning  Empty block statement                                                            no-empty
  571:18601   warning  'xQ' is a function                                                               no-func-assign
  571:18651   warning  'N0' is a function                                                               no-func-assign
  571:19075   warning  'Q2' is a function                                                               no-func-assign
  571:25029   warning  'b' is defined but never used                                                    no-unused-vars
  571:25031   warning  'x' is defined but never used                                                    no-unused-vars
  571:25941   warning  Empty block statement                                                            no-empty
  571:27127   warning  'Vm' is a function                                                               no-func-assign
  571:27359   warning  'Z2' is a function                                                               no-func-assign
  572:805     warning  Unsafe usage of ReturnStatement                                                  no-unsafe-finally
  572:825     warning  Unsafe usage of ThrowStatement                                                   no-unsafe-finally
  572:3639    warning  'Wm' is a function                                                               no-func-assign
  572:5910    warning  '_f' is a function                                                               no-func-assign
  572:6980    warning  'n' is defined but never used                                                    no-unused-vars
  572:7575    warning  Empty block statement                                                            no-empty
  572:7584    warning  '$Q' is a function                                                               no-func-assign
  572:7634    warning  'j0' is a function                                                               no-func-assign
  572:8058    warning  'J2' is a function                                                               no-func-assign
  572:11287   warning  'Tf' is a function                                                               no-func-assign
  572:12357   warning  'n' is defined but never used                                                    no-unused-vars
  572:12956   warning  Empty block statement                                                            no-empty
  572:12965   warning  '_Q' is a function                                                               no-func-assign
  572:13015   warning  'D0' is a function                                                               no-func-assign
  572:13439   warning  'tk' is a function                                                               no-func-assign
  572:17597   warning  'Km' is a function                                                               no-func-assign
  573:805     warning  Unsafe usage of ReturnStatement                                                  no-unsafe-finally
  573:825     warning  Unsafe usage of ThrowStatement                                                   no-unsafe-finally
  577:510     warning  't' is defined but never used                                                    no-unused-vars
  577:596     warning  'qm' is a function                                                               no-func-assign
  577:2950    warning  'Um' is a function                                                               no-func-assign
  578:840     warning  Unsafe usage of ReturnStatement                                                  no-unsafe-finally
  578:860     warning  Unsafe usage of ThrowStatement                                                   no-unsafe-finally
  578:4003    warning  'rk' is a function                                                               no-func-assign
  579:840     warning  Unsafe usage of ReturnStatement                                                  no-unsafe-finally
  579:860     warning  Unsafe usage of ThrowStatement                                                   no-unsafe-finally
  579:4455    warning  't' is defined but never used                                                    no-unused-vars
  579:6366    warning  't' is defined but never used                                                    no-unused-vars
  579:6455    warning  't' is defined but never used                                                    no-unused-vars
  579:7173    warning  'n' is defined but never used                                                    no-unused-vars
  579:13693   warning  Expected a conditional expression and instead saw an assignment                  no-cond-assign
  579:13955   warning  Expected a conditional expression and instead saw an assignment                  no-cond-assign
  579:13996   warning  Expected a conditional expression and instead saw an assignment                  no-cond-assign
  579:14061   warning  Expected a conditional expression and instead saw an assignment                  no-cond-assign
  579:14101   warning  Expected a conditional expression and instead saw an assignment                  no-cond-assign
  579:14165   warning  Expected a conditional expression and instead saw an assignment                  no-cond-assign
  579:14210   warning  Expected a conditional expression and instead saw an assignment                  no-cond-assign
  579:14260   warning  Do not access Object.prototype method 'hasOwnProperty' from target object        no-prototype-builtins
  579:19305   warning  Expected a conditional expression and instead saw an assignment                  no-cond-assign
  579:19894   warning  Expected a conditional expression and instead saw an assignment                  no-cond-assign
  579:64498   warning  Expected a conditional expression and instead saw an assignment                  no-cond-assign
  579:65156   warning  Do not access Object.prototype method 'hasOwnProperty' from target object        no-prototype-builtins
  579:65610   warning  'RA' is already defined                                                          no-redeclare
  582:772     warning  Unsafe usage of ThrowStatement                                                   no-unsafe-finally
  582:3000    warning  'e' is defined but never used                                                    no-unused-vars
  582:3002    warning  't' is defined but never used                                                    no-unused-vars
  582:3164    warning  'Mf' is a function                                                               no-func-assign
  582:3396    warning  'Q0' is a function                                                               no-func-assign
  583:805     warning  Unsafe usage of ReturnStatement                                                  no-unsafe-finally
  583:825     warning  Unsafe usage of ThrowStatement                                                   no-unsafe-finally
  583:1577    warning  'n' is defined but never used                                                    no-unused-vars
  583:2176    warning  Empty block statement                                                            no-empty
  583:2185    warning  'TZ' is a function                                                               no-func-assign
  583:2235    warning  'Z0' is a function                                                               no-func-assign
  583:2659    warning  'gk' is a function                                                               no-func-assign
  583:4585    warning  'tg' is a function                                                               no-func-assign
  583:6640    warning  'ng' is a function                                                               no-func-assign
  584:13390   warning  'rg' is a function                                                               no-func-assign
  584:15732   warning  'ig' is a function                                                               no-func-assign
  585:2100    warning  'og' is a function                                                               no-func-assign
  587:4714    warning  'ag' is a function                                                               no-func-assign
  588:667     warning  'tx' is a function                                                               no-func-assign
  588:3552    warning  'sg' is a function                                                               no-func-assign
  588:3784    warning  'wk' is a function                                                               no-func-assign
  605:890     warning  'lg' is a function                                                               no-func-assign
  605:1122    warning  'Sk' is a function                                                               no-func-assign
  605:9498    warning  'Ck' is a function                                                               no-func-assign
  606:1116    warning  'cg' is a function                                                               no-func-assign
  607:401     warning  Unsafe usage of ReturnStatement                                                  no-unsafe-finally
  607:421     warning  Unsafe usage of ThrowStatement                                                   no-unsafe-finally
  608:2488    warning  'ug' is a function                                                               no-func-assign
  610:804     warning  Unsafe usage of ReturnStatement                                                  no-unsafe-finally
  610:824     warning  Unsafe usage of ThrowStatement                                                   no-unsafe-finally
  610:2190    warning  'Af' is a function                                                               no-func-assign
  611:1634    warning  'n' is defined but never used                                                    no-unused-vars
  611:2359    warning  'Tk' is a function                                                               no-func-assign
  611:3195    warning  'ix' is a function                                                               no-func-assign
  611:7847    warning  'dg' is a function                                                               no-func-assign
  611:8079    warning  'ox' is a function                                                               no-func-assign
  612:805     warning  Unsafe usage of ReturnStatement                                                  no-unsafe-finally
  612:825     warning  Unsafe usage of ThrowStatement                                                   no-unsafe-finally
  622:790     warning  Empty block statement                                                            no-empty
  622:1602    warning  'Ik' is a function                                                               no-func-assign
  622:2052    warning  'fg' is a function                                                               no-func-assign
  622:2344    warning  'Mk' is a function                                                               no-func-assign
  622:5247    warning  'hg' is a function                                                               no-func-assign
  622:5479    warning  'ax' is a function                                                               no-func-assign
  623:805     warning  Unsafe usage of ReturnStatement                                                  no-unsafe-finally
  623:825     warning  Unsafe usage of ThrowStatement                                                   no-unsafe-finally
  623:2497    warning  Empty block statement                                                            no-empty
  623:3483    warning  'pg' is a function                                                               no-func-assign
  623:5182    warning  't' is defined but never used                                                    no-unused-vars
  623:8112    warning  'gg' is a function                                                               no-func-assign
  623:9596    warning  'Nf' is a function                                                               no-func-assign
  623:9828    warning  'cx' is a function                                                               no-func-assign
  623:11498   warning  Empty block statement                                                            no-empty
  623:11507   warning  'ZZ' is a function                                                               no-func-assign
  623:11557   warning  'ux' is a function                                                               no-func-assign
  623:11981   warning  'Ak' is a function                                                               no-func-assign
  623:22884   warning  'vg' is a function                                                               no-func-assign
  623:23116   warning  'Nk' is a function                                                               no-func-assign
  623:25471   warning  'Df' is a function                                                               no-func-assign
  623:26106   warning  'dx' is a function                                                               no-func-assign
  623:27776   warning  Empty block statement                                                            no-empty
  623:27785   warning  'nJ' is a function                                                               no-func-assign
  623:27835   warning  'fx' is a function                                                               no-func-assign
  623:28259   warning  'jk' is a function                                                               no-func-assign
  623:34807   warning  'yg' is a function                                                               no-func-assign
  623:41915   warning  'Lf' is a function                                                               no-func-assign
  623:42411   warning  'n' is defined but never used                                                    no-unused-vars
  623:43010   warning  Empty block statement                                                            no-empty
  623:43019   warning  'pJ' is a function                                                               no-func-assign
  623:43069   warning  'hx' is a function                                                               no-func-assign
  623:43493   warning  'Dk' is a function                                                               no-func-assign
  624:805     warning  Unsafe usage of ReturnStatement                                                  no-unsafe-finally
  624:825     warning  Unsafe usage of ThrowStatement                                                   no-unsafe-finally
  624:910     warning  'Lk' is a function                                                               no-func-assign
  624:2911    warning  'Bk' is a function                                                               no-func-assign
  624:3169    warning  'Bf' is a function                                                               no-func-assign
  624:4239    warning  'n' is defined but never used                                                    no-unused-vars
  624:4838    warning  Empty block statement                                                            no-empty
  624:4847    warning  'gJ' is a function                                                               no-func-assign
  624:4897    warning  'px' is a function                                                               no-func-assign
  624:5321    warning  'zk' is a function                                                               no-func-assign
  624:7127    warning  'Fk' is a function                                                               no-func-assign
  624:7385    warning  'zf' is a function                                                               no-func-assign
  624:8455    warning  'n' is defined but never used                                                    no-unused-vars
  624:9054    warning  Empty block statement                                                            no-empty
  624:9063    warning  'yJ' is a function                                                               no-func-assign
  624:9113    warning  'mx' is a function                                                               no-func-assign
  624:9537    warning  'Hk' is a function                                                               no-func-assign
  624:12414   warning  'bg' is a function                                                               no-func-assign
  624:15653   warning  'Ff' is a function                                                               no-func-assign
  624:15885   warning  'Gd' is a function                                                               no-func-assign
  624:17957   warning  Empty block statement                                                            no-empty
  624:17966   warning  'wJ' is a function                                                               no-func-assign
  624:18016   warning  'vx' is a function                                                               no-func-assign
  624:18440   warning  'Vk' is a function                                                               no-func-assign
  624:23070   warning  '_u' is a function                                                               no-func-assign
  624:24332   warning  'lu' is a function                                                               no-func-assign
  624:29771   warning  'Hf' is a function                                                               no-func-assign
  624:30267   warning  'n' is defined but never used                                                    no-unused-vars
  624:30866   warning  Empty block statement                                                            no-empty
  624:30875   warning  'PJ' is a function                                                               no-func-assign
  624:30925   warning  'yx' is a function                                                               no-func-assign
  624:31349   warning  'Wk' is a function                                                               no-func-assign
  624:31922   warning  'Kk' is a function                                                               no-func-assign
  624:32891   warning  'Vf' is a function                                                               no-func-assign
  624:33387   warning  'n' is defined but never used                                                    no-unused-vars
  624:33986   warning  Empty block statement                                                            no-empty
  624:33995   warning  '_J' is a function                                                               no-func-assign
  624:34045   warning  'bx' is a function                                                               no-func-assign
  624:34469   warning  'qk' is a function                                                               no-func-assign
  624:35042   warning  'Uk' is a function                                                               no-func-assign
  625:4226    warning  'xg' is a function                                                               no-func-assign
  625:4722    warning  'n' is defined but never used                                                    no-unused-vars
  625:7708    warning  'wg' is a function                                                               no-func-assign
  625:9946    warning  'Wf' is a function                                                               no-func-assign
  625:10178   warning  'Xd' is a function                                                               no-func-assign
  626:401     warning  Unsafe usage of ReturnStatement                                                  no-unsafe-finally
  626:421     warning  Unsafe usage of ThrowStatement                                                   no-unsafe-finally
  626:1172    warning  'n' is defined but never used                                                    no-unused-vars
  626:1767    warning  Empty block statement                                                            no-empty
  626:1776    warning  'MJ' is a function                                                               no-func-assign
  626:1826    warning  'xx' is a function                                                               no-func-assign
  626:2250    warning  'Yk' is a function                                                               no-func-assign
  637:720     warning  'r' is defined but never used                                                    no-unused-vars
  637:14557   warning  Expected a 'break' statement before 'case'                                       no-fallthrough
  637:14764   warning  Expected a 'break' statement before 'case'                                       no-fallthrough
  637:18612   warning  't' is defined but never used                                                    no-unused-vars
  637:18614   warning  'n' is defined but never used                                                    no-unused-vars
  637:18616   warning  'r' is defined but never used                                                    no-unused-vars
  637:27172   warning  Empty block statement                                                            no-empty
  637:27294   warning  'r' is defined but never used                                                    no-unused-vars
  637:27472   warning  'r' is defined but never used                                                    no-unused-vars
  637:27833   warning  'e' is defined but never used                                                    no-unused-vars
  637:27897   warning  't' is defined but never used                                                    no-unused-vars
  642:12157   warning  't' is defined but never used                                                    no-unused-vars
  642:15644   warning  't' is defined but never used                                                    no-unused-vars
  642:15646   warning  'n' is defined but never used                                                    no-unused-vars
  642:15648   warning  'r' is defined but never used                                                    no-unused-vars
  642:15650   warning  'i' is defined but never used                                                    no-unused-vars
  642:46579   warning  't' is defined but never used                                                    no-unused-vars
  642:46581   warning  'n' is defined but never used                                                    no-unused-vars
  642:46600   warning  't' is defined but never used                                                    no-unused-vars
  642:46629   warning  't' is defined but never used                                                    no-unused-vars
  642:46631   warning  'n' is defined but never used                                                    no-unused-vars
  642:46633   warning  'r' is defined but never used                                                    no-unused-vars
  642:46657   warning  't' is defined but never used                                                    no-unused-vars
  642:46659   warning  'n' is defined but never used                                                    no-unused-vars
  642:46661   warning  'r' is defined but never used                                                    no-unused-vars
  642:46826   warning  't' is defined but never used                                                    no-unused-vars
  642:46851   warning  't' is defined but never used                                                    no-unused-vars
  642:49528   warning  'n.width' is assigned to itself                                                  no-self-assign
  642:54445   warning  'n' is defined but never used                                                    no-unused-vars
  642:61945   warning  't' is defined but never used                                                    no-unused-vars
  642:61947   warning  'n' is defined but never used                                                    no-unused-vars
  642:61978   warning  't' is defined but never used                                                    no-unused-vars
  644:17750   warning  'n' is defined but never used                                                    no-unused-vars
  644:32211   warning  'n' is defined but never used                                                    no-unused-vars
  644:51115   warning  'b' is assigned a value but never used                                           no-unused-vars

✖ 591 problems (0 errors, 591 warnings)

